#
# A fatal error has been detected by the Java Runtime Environment:
#
#  EXCEPTION_ACCESS_VIOLATION (0xc0000005) at pc=0x000000005a9b4eb8, pid=4380, tid=5892
#
# JRE version: 7.0_04-b22
# Java VM: Java HotSpot(TM) 64-Bit Server VM (23.0-b21 mixed mode windows-amd64 compressed oops)
# Problematic frame:
# V  [jvm.dll+0x564eb8]
#
# Failed to write core dump. Minidumps are not enabled by default on client versions of Windows
#
# If you would like to submit a bug report, please visit:
#   http://bugreport.sun.com/bugreport/crash.jsp
#

---------------  T H R E A D  ---------------

Current thread (0x0000000008d97000):  JavaThread "C2 CompilerThread0" daemon [_thread_in_native, id=5892, stack(0x000000000a650000,0x000000000a750000)]

siginfo: ExceptionCode=0xc0000005, ExceptionInformation=0x0000000000000008 0x000000005a9b4eb8

Registers:
RAX=0x000000000ab0f0d8, RBX=0x000000000ab0f118, RCX=0x000000000ab0f118, RDX=0x000000000ab0f118
RSP=0x000000000a74bb78, RBP=0x000000000a9f4660, RSI=0x000000000a74c020, RDI=0x0000000000000000
R8 =0x000000000a9f4660, R9 =0x00000000000015a6, R10=0x000000000bc46800, R11=0x000000000a74c020
R12=0x0000000000012180, R13=0x0000000000000000, R14=0x0000000008d86240, R15=0x0000000000000002
RIP=0x000000005a9b4eb8, EFLAGS=0x0000000000010246

Top of Stack: (sp=0x000000000a74bb78)
0x000000000a74bb78:   000000005a85984d 000000000a9f44b0
0x000000000a74bb88:   000000000aa6a4a8 000000000a9f4660
0x000000000a74bb98:   00000000000000bc 0000000000000001
0x000000000a74bba8:   000000005a859b12 000000000aa69ee8
0x000000000a74bbb8:   000000000a9f44b0 000000000a74c020
0x000000000a74bbc8:   0000000000000070 000000000a74c020
0x000000000a74bbd8:   000000005a859b12 000000000aa6aa20
0x000000000a74bbe8:   000000000a9f4540 000000000a74c020
0x000000000a74bbf8:   000000000ba79078 000000000a74c020
0x000000000a74bc08:   000000005a859b12 000000000a9b1fb0
0x000000000a74bc18:   000000000bb3a250 000000000a74c020
0x000000000a74bc28:   0000000000000000 000000000a74c020
0x000000000a74bc38:   000000005a85a4d1 000000000a9b1fb0
0x000000000a74bc48:   000000000a74bd40 0000000000012180
0x000000000a74bc58:   000000000a74bcd8 000000000acff758
0x000000000a74bc68:   0000000008d86240 0000000000000200 

Instructions: (pc=0x000000005a9b4eb8)
0x000000005a9b4e98:   00 54 7f 5a 00 00 00 00 60 5a 7f 5a 00 00 00 00
0x000000005a9b4ea8:   b0 4f 7f 5a 00 00 00 00 e8 01 a3 5a 00 00 00 00
0x000000005a9b4eb8:   40 af 80 5a 00 00 00 00 90 7c 88 5a 00 00 00 00
0x000000005a9b4ec8:   a0 21 83 5a 00 00 00 00 d0 c4 8b 5a 00 00 00 00 


Register to memory mapping:

RAX=0x000000000ab0f0d8 is an unknown value
RBX=0x000000000ab0f118 is an unknown value
RCX=0x000000000ab0f118 is an unknown value
RDX=0x000000000ab0f118 is an unknown value
RSP=0x000000000a74bb78 is pointing into the stack for thread: 0x0000000008d97000
RBP=0x000000000a9f4660 is an unknown value
RSI=0x000000000a74c020 is pointing into the stack for thread: 0x0000000008d97000
RDI=0x0000000000000000 is an unknown value
R8 =0x000000000a9f4660 is an unknown value
R9 =0x00000000000015a6 is an unknown value
R10=0x000000000bc46800 is an unknown value
R11=0x000000000a74c020 is pointing into the stack for thread: 0x0000000008d97000
R12=0x0000000000012180 is an unknown value
R13=0x0000000000000000 is an unknown value
R14=0x0000000008d86240 is an unknown value
R15=0x0000000000000002 is an unknown value


Stack: [0x000000000a650000,0x000000000a750000],  sp=0x000000000a74bb78,  free space=1006k
Native frames: (J=compiled Java code, j=interpreted, Vv=VM code, C=native code)
V  [jvm.dll+0x564eb8]


Current CompileTask:
C2:   4449  188             com.android.dx.ssa.Dominators::run (506 bytes)


---------------  P R O C E S S  ---------------

Java Threads: ( => current thread )
  0x000000000abcc800 JavaThread "pool-1-thread-4" [_thread_blocked, id=6164, stack(0x000000000b6f0000,0x000000000b7f0000)]
  0x000000000aa11800 JavaThread "pool-1-thread-3" [_thread_blocked, id=6156, stack(0x000000000b5c0000,0x000000000b6c0000)]
  0x000000000ab9c000 JavaThread "pool-1-thread-2" [_thread_blocked, id=6148, stack(0x000000000b060000,0x000000000b160000)]
  0x0000000008def000 JavaThread "pool-2-thread-1" [_thread_blocked, id=2812, stack(0x000000000b4c0000,0x000000000b5c0000)]
  0x000000000ab22800 JavaThread "pool-1-thread-1" [_thread_blocked, id=5288, stack(0x000000000b310000,0x000000000b410000)]
  0x0000000008dbb000 JavaThread "Service Thread" daemon [_thread_blocked, id=5712, stack(0x000000000a890000,0x000000000a990000)]
  0x0000000008dad800 JavaThread "C2 CompilerThread1" daemon [_thread_blocked, id=4544, stack(0x000000000a770000,0x000000000a870000)]
=>0x0000000008d97000 JavaThread "C2 CompilerThread0" daemon [_thread_in_native, id=5892, stack(0x000000000a650000,0x000000000a750000)]
  0x0000000008d96000 JavaThread "Attach Listener" daemon [_thread_blocked, id=4524, stack(0x000000000a4e0000,0x000000000a5e0000)]
  0x0000000008d8e800 JavaThread "Signal Dispatcher" daemon [_thread_blocked, id=5368, stack(0x000000000a370000,0x000000000a470000)]
  0x0000000002180800 JavaThread "Finalizer" daemon [_thread_blocked, id=4496, stack(0x000000000a250000,0x000000000a350000)]
  0x000000000217f000 JavaThread "Reference Handler" daemon [_thread_blocked, id=5044, stack(0x000000000a060000,0x000000000a160000)]
  0x000000000221c800 JavaThread "main" [_thread_blocked, id=5908, stack(0x00000000024f0000,0x00000000025f0000)]

Other Threads:
  0x0000000008d13800 VMThread [stack: 0x0000000009e80000,0x0000000009f80000] [id=4900]
  0x0000000008dc4000 WatcherThread [stack: 0x0000000009cf0000,0x0000000009df0000] [id=5272]

VM state:at safepoint (normal execution)

VM Mutex/Monitor currently owned by a thread:  ([mutex/lock_event])
[0x000000000221adb0] Threads_lock - owner thread: 0x0000000008d13800
[0x000000000221b2b0] Heap_lock - owner thread: 0x000000000abcc800

Heap
 PSYoungGen      total 18176K, used 18147K [0x00000000eaab0000, 0x00000000ece30000, 0x0000000000000000)
  eden space 15616K, 100% used [0x00000000eaab0000,0x00000000eb9f0000,0x00000000eb9f0000)
  from space 2560K, 98% used [0x00000000eb9f0000,0x00000000ebc68ea8,0x00000000ebc70000)
  to   space 2560K, 98% used [0x00000000ecbb0000,0x00000000ece28028,0x00000000ece30000)
 ParOldGen       total 41600K, used 2331K [0x00000000c0000000, 0x00000000c28a0000, 0x00000000eaab0000)
  object space 41600K, 5% used [0x00000000c0000000,0x00000000c0246c58,0x00000000c28a0000)
 PSPermGen       total 21248K, used 5806K [0x00000000bae00000, 0x00000000bc2c0000, 0x00000000c0000000)
  object space 21248K, 27% used [0x00000000bae00000,0x00000000bb3ab930,0x00000000bc2c0000)

Code Cache  [0x00000000025f0000, 0x0000000002860000, 0x00000000055f0000)
 total_blobs=429 nmethods=195 adapters=185 free_code_cache=48382Kb largest_free_block=49518208

Compilation events (10 events):
Event: 3.745 Thread 0x0000000008dad800 nmethod 192 0x00000000026b1a10 code [0x00000000026b1bc0, 0x00000000026b22a8]
Event: 3.745 Thread 0x0000000008dad800  193             java.util.HashMap::put (126 bytes)
Event: 3.753 Thread 0x0000000008dad800 nmethod 193 0x000000000269aa50 code [0x000000000269abe0, 0x000000000269b058]
Event: 3.753 Thread 0x0000000008dad800  194             java.lang.Object::equals (11 bytes)
Event: 3.754 Thread 0x0000000008dad800 nmethod 194 0x00000000026b3850 code [0x00000000026b3980, 0x00000000026b39d8]
Event: 3.754 Thread 0x0000000008dad800  195             com.android.dx.dex.code.DalvInsn::<init> (67 bytes)
Event: 3.755 Thread 0x0000000008dad800 nmethod 195 0x00000000026b3590 code [0x00000000026b36c0, 0x00000000026b3798]
Event: 3.755 Thread 0x0000000008dad800  196             com.android.dx.util.Bits::clear (21 bytes)
Event: 3.755 Thread 0x0000000008dad800 nmethod 196 0x000000000269a7d0 code [0x000000000269a900, 0x000000000269a998]
Event: 3.755 Thread 0x0000000008dad800  197             com.android.dx.ssa.SsaMethod::bitSetFromLabelList (47 bytes)

GC Heap History (3 events):
Event: 1.793 GC heap before
{Heap before GC invocations=1 (full 0):
 PSYoungGen      total 18176K, used 15616K [0x00000000eaab0000, 0x00000000ebef0000, 0x0000000000000000)
  eden space 15616K, 100% used [0x00000000eaab0000,0x00000000eb9f0000,0x00000000eb9f0000)
  from space 2560K, 0% used [0x00000000ebc70000,0x00000000ebc70000,0x00000000ebef0000)
  to   space 2560K, 0% used [0x00000000eb9f0000,0x00000000eb9f0000,0x00000000ebc70000)
 ParOldGen       total 41600K, used 0K [0x00000000c0000000, 0x00000000c28a0000, 0x00000000eaab0000)
  object space 41600K, 0% used [0x00000000c0000000,0x00000000c0000000,0x00000000c28a0000)
 PSPermGen       total 21248K, used 5587K [0x00000000bae00000, 0x00000000bc2c0000, 0x00000000c0000000)
  object space 21248K, 26% used [0x00000000bae00000,0x00000000bb374eb8,0x00000000bc2c0000)
Event: 2.004 GC heap after
Heap after GC invocations=1 (full 0):
 PSYoungGen      total 18176K, used 2531K [0x00000000eaab0000, 0x00000000ece30000, 0x0000000000000000)
  eden space 15616K, 0% used [0x00000000eaab0000,0x00000000eaab0000,0x00000000eb9f0000)
  from space 2560K, 98% used [0x00000000eb9f0000,0x00000000ebc68ea8,0x00000000ebc70000)
  to   space 2560K, 0% used [0x00000000ecbb0000,0x00000000ecbb0000,0x00000000ece30000)
 ParOldGen       total 41600K, used 641K [0x00000000c0000000, 0x00000000c28a0000, 0x00000000eaab0000)
  object space 41600K, 1% used [0x00000000c0000000,0x00000000c00a0408,0x00000000c28a0000)
 PSPermGen       total 21248K, used 5587K [0x00000000bae00000, 0x00000000bc2c0000, 0x00000000c0000000)
  object space 21248K, 26% used [0x00000000bae00000,0x00000000bb374eb8,0x00000000bc2c0000)
}
Event: 3.903 GC heap before
{Heap before GC invocations=2 (full 0):
 PSYoungGen      total 18176K, used 18147K [0x00000000eaab0000, 0x00000000ece30000, 0x0000000000000000)
  eden space 15616K, 100% used [0x00000000eaab0000,0x00000000eb9f0000,0x00000000eb9f0000)
  from space 2560K, 98% used [0x00000000eb9f0000,0x00000000ebc68ea8,0x00000000ebc70000)
  to   space 2560K, 0% used [0x00000000ecbb0000,0x00000000ecbb0000,0x00000000ece30000)
 ParOldGen       total 41600K, used 641K [0x00000000c0000000, 0x00000000c28a0000, 0x00000000eaab0000)
  object space 41600K, 1% used [0x00000000c0000000,0x00000000c00a0408,0x00000000c28a0000)
 PSPermGen       total 21248K, used 5806K [0x00000000bae00000, 0x00000000bc2c0000, 0x00000000c0000000)
  object space 21248K, 27% used [0x00000000bae00000,0x00000000bb3ab930,0x00000000bc2c0000)

Deoptimization events (6 events):
Event: 2.246 Thread 0x000000000aa11800 Uncommon trap -34 fr.pc 0x000000000266b6f4
Event: 2.264 Thread 0x000000000aa11800 Uncommon trap -34 fr.pc 0x000000000266b6f4
Event: 2.280 Thread 0x000000000abcc800 Uncommon trap -34 fr.pc 0x000000000266b6f4
Event: 2.296 Thread 0x000000000aa11800 Uncommon trap -12 fr.pc 0x00000000026740c4
Event: 2.296 Thread 0x000000000ab22800 Uncommon trap -12 fr.pc 0x00000000026740c4
Event: 2.336 Thread 0x000000000ab9c000 Uncommon trap -83 fr.pc 0x000000000267bdc4

Internal exceptions (10 events):
Event: 1.618 Thread 0x000000000ab9c000 Threw 0x00000000eb54bdd0 at C:\jdk7u2_64p\jdk7u4\hotspot\src\share\vm\prims\jvm.cpp:1166
Event: 1.635 Thread 0x000000000abcc800 Threw 0x00000000eb72c8d8 at C:\jdk7u2_64p\jdk7u4\hotspot\src\share\vm\prims\jvm.cpp:1166
Event: 1.641 Thread 0x000000000abcc800 Threw 0x00000000eb73c240 at C:\jdk7u2_64p\jdk7u4\hotspot\src\share\vm\prims\jvm.cpp:1166
Event: 1.646 Thread 0x000000000abcc800 Threw 0x00000000eb90f010 at C:\jdk7u2_64p\jdk7u4\hotspot\src\share\vm\prims\jvm.cpp:1166
Event: 1.694 Thread 0x000000000221c800 Threw 0x00000000eb962118 at C:\jdk7u2_64p\jdk7u4\hotspot\src\share\vm\prims\jvm.cpp:1166
Event: 2.146 Thread 0x000000000221c800 Threw 0x00000000eac2b1a0 at C:\jdk7u2_64p\jdk7u4\hotspot\src\share\vm\prims\jvm.cpp:1166
Event: 2.149 Thread 0x000000000221c800 Threw 0x00000000eac39038 at C:\jdk7u2_64p\jdk7u4\hotspot\src\share\vm\prims\jvm.cpp:1166
Event: 2.227 Thread 0x000000000aa11800 Threw 0x00000000eaced460 at C:\jdk7u2_64p\jdk7u4\hotspot\src\share\vm\prims\jvm.cpp:1166
Event: 2.296 Thread 0x000000000aa11800 Implicit null exception at 0x0000000002673d24 to 0x00000000026740b1
Event: 2.296 Thread 0x000000000ab22800 Implicit null exception at 0x0000000002673d24 to 0x00000000026740b1

Events (10 events):
Event: 2.297 Thread 0x000000000ab22800 DEOPT UNPACKING pc=0x0000000002629164 sp=0x000000000b40e5c0 mode 2
Event: 2.323 loading class 0x0000000008d24b00
Event: 2.323 loading class 0x0000000008d24b00 done
Event: 2.336 Thread 0x000000000ab9c000 DEOPT PACKING pc=0x000000000267bdc4 sp=0x000000000b15eac0
Event: 2.336 Thread 0x000000000ab9c000 DEOPT UNPACKING pc=0x0000000002629164 sp=0x000000000b15ea60 mode 2
Event: 2.383 loading class 0x000000000a9a6db0
Event: 2.383 loading class 0x000000000a9a6db0 done
Event: 2.383 loading class 0x0000000008dfe800
Event: 2.383 loading class 0x0000000008dfe800 done
Event: 3.766 Executing VM operation: ParallelGCFailedAllocation


Dynamic libraries:
0x000000003f0a0000 - 0x000000003f0d3000 	C:\Program Files\Java\jdk1.7.0_04\bin\java.exe
0x00000000774e0000 - 0x0000000077689000 	C:\Windows\SYSTEM32\ntdll.dll
0x00000000772c0000 - 0x00000000773df000 	C:\Windows\system32\kernel32.dll
0x00000000fd660000 - 0x00000000fd6cb000 	C:\Windows\system32\KERNELBASE.dll
0x00000000fe820000 - 0x00000000fe8fb000 	C:\Windows\system32\ADVAPI32.dll
0x00000000ff1b0000 - 0x00000000ff24f000 	C:\Windows\system32\msvcrt.dll
0x00000000fe800000 - 0x00000000fe81f000 	C:\Windows\SYSTEM32\sechost.dll
0x00000000fe5c0000 - 0x00000000fe6ed000 	C:\Windows\system32\RPCRT4.dll
0x00000000773e0000 - 0x00000000774da000 	C:\Windows\system32\USER32.dll
0x00000000ff6b0000 - 0x00000000ff717000 	C:\Windows\system32\GDI32.dll
0x00000000fe4b0000 - 0x00000000fe4be000 	C:\Windows\system32\LPK.dll
0x00000000ff720000 - 0x00000000ff7e9000 	C:\Windows\system32\USP10.dll
0x00000000fbbe0000 - 0x00000000fbdd4000 	C:\Windows\WinSxS\amd64_microsoft.windows.common-controls_6595b64144ccf1df_6.0.7601.17514_none_fa396087175ac9ac\COMCTL32.dll
0x00000000fe900000 - 0x00000000fe971000 	C:\Windows\system32\SHLWAPI.dll
0x00000000fd6f0000 - 0x00000000fd71e000 	C:\Windows\system32\IMM32.DLL
0x00000000fe6f0000 - 0x00000000fe7f9000 	C:\Windows\system32\MSCTF.dll
0x000000005e920000 - 0x000000005e9f1000 	C:\Program Files\Java\jdk1.7.0_04\jre\bin\msvcr100.dll
0x000000005a450000 - 0x000000005ab6a000 	C:\Program Files\Java\jdk1.7.0_04\jre\bin\server\jvm.dll
0x00000000fa200000 - 0x00000000fa209000 	C:\Windows\system32\WSOCK32.dll
0x00000000fe570000 - 0x00000000fe5bd000 	C:\Windows\system32\WS2_32.dll
0x00000000fe560000 - 0x00000000fe568000 	C:\Windows\system32\NSI.dll
0x00000000fafe0000 - 0x00000000fb01b000 	C:\Windows\system32\WINMM.dll
0x00000000776a0000 - 0x00000000776a7000 	C:\Windows\system32\PSAPI.DLL
0x000000005bc30000 - 0x000000005bc3f000 	C:\Program Files\Java\jdk1.7.0_04\jre\bin\verify.dll
0x000000005bc00000 - 0x000000005bc28000 	C:\Program Files\Java\jdk1.7.0_04\jre\bin\java.dll
0x000000005bbe0000 - 0x000000005bbf5000 	C:\Program Files\Java\jdk1.7.0_04\jre\bin\zip.dll
0x000000005bbc0000 - 0x000000005bbd9000 	C:\Program Files\Java\jdk1.7.0_04\jre\bin\net.dll
0x00000000fcaf0000 - 0x00000000fcb45000 	C:\Windows\system32\mswsock.dll
0x00000000fcae0000 - 0x00000000fcae7000 	C:\Windows\System32\wship6.dll
0x000000005bba0000 - 0x000000005bbb1000 	C:\Program Files\Java\jdk1.7.0_04\jre\bin\nio.dll
0x00000000f4100000 - 0x00000000f4225000 	C:\Windows\system32\dbghelp.dll

VM Arguments:
jvm_args: -Djava.awt.headless=true -Xmx1024M -Dfile.encoding=windows-1252 -Duser.country=US -Duser.language=en -Duser.variant 
java_command: com.android.dx.command.Main --dex --num-threads=4 --output C:\Users\hp\Documents\GitHub\ASE-Spring2016-FindYourTechnician\source\FindYourTechnician\app\build\intermediates\pre-dexed\debug\internal_impl-23.1.1_5efc3785b870f2e5b58310f93d1a2d5cc9b57035.jar C:\Users\hp\Documents\GitHub\ASE-Spring2016-FindYourTechnician\source\FindYourTechnician\app\build\intermediates\exploded-aar\com.android.support\support-v4\23.1.1\jars\libs\internal_impl-23.1.1.jar
Launcher Type: SUN_STANDARD

Environment Variables:
CLASSPATH=C:\Program Files\Java\jdk1.7.0_04
PATH=C:\ProgramData\Oracle\Java\javapath;C:\Program Files\Java\jdk1.7.0_04\bin;C:\Program Files\Microsoft\Web Platform Installer\;C:\Program Files\Microsoft SQL Server\110\Tools\Binn\;C:\Program Files (x86)\Common Files\lenovo\easyplussdk\bin;C:\Program Files (x86)\Skype\Phone\;C:\WINDOWS\system32;C:\Program Files (x86)\Brackets\command
USERNAME=hp
OS=Windows_NT
PROCESSOR_IDENTIFIER=Intel64 Family 6 Model 37 Stepping 5, GenuineIntel



---------------  S Y S T E M  ---------------

OS: Windows 7 , 64 bit Build 7601 Service Pack 1

CPU:total 4 (2 cores per cpu, 2 threads per core) family 6 model 37 stepping 5, cmov, cx8, fxsr, mmx, sse, sse2, sse3, ssse3, sse4.1, sse4.2, popcnt, ht, tsc, tscinvbit

Memory: 4k page, physical 3987312k(677280k free), swap 7972764k(1834000k free)

vm_info: Java HotSpot(TM) 64-Bit Server VM (23.0-b21) for windows-amd64 JRE (1.7.0_04-b22), built on May  2 2012 23:28:26 by "java_re" with unknown MS VC++:1600

time: Fri Mar 11 22:39:13 2016
elapsed time: 4 seconds

