#
# A fatal error has been detected by the Java Runtime Environment:
#
#  Internal Error (node.cpp:1835), pid=5100, tid=3792
#  Error: ShouldNotCall()
#
# JRE version: 7.0_04-b22
# Java VM: Java HotSpot(TM) 64-Bit Server VM (23.0-b21 mixed mode windows-amd64 compressed oops)
# Failed to write core dump. Minidumps are not enabled by default on client versions of Windows
#
# If you would like to submit a bug report, please visit:
#   http://bugreport.sun.com/bugreport/crash.jsp
#

---------------  T H R E A D  ---------------

Current thread (0x0000000008da7000):  JavaThread "C2 CompilerThread0" daemon [_thread_in_native, id=3792, stack(0x000000000a4c0000,0x000000000a5c0000)]

Stack: [0x000000000a4c0000,0x000000000a5c0000]

Current CompileTask:
C2:   6196  397             com.android.dx.cf.code.ValueAwareMachine::run (1142 bytes)


---------------  P R O C E S S  ---------------

Java Threads: ( => current thread )
  0x000000000ab2e000 JavaThread "pool-1-thread-4" [_thread_blocked, id=6160, stack(0x000000000b650000,0x000000000b750000)]
  0x000000000ac3c000 JavaThread "pool-1-thread-3" [_thread_blocked, id=1520, stack(0x000000000b440000,0x000000000b540000)]
  0x000000000ac3b800 JavaThread "pool-1-thread-2" [_thread_blocked, id=5964, stack(0x0000000009b30000,0x0000000009c30000)]
  0x000000000ac0b000 JavaThread "pool-2-thread-1" [_thread_blocked, id=2692, stack(0x000000000b0d0000,0x000000000b1d0000)]
  0x0000000008e0f800 JavaThread "pool-1-thread-1" [_thread_blocked, id=5928, stack(0x000000000b310000,0x000000000b410000)]
  0x0000000008dc6800 JavaThread "Service Thread" daemon [_thread_blocked, id=1112, stack(0x000000000a6c0000,0x000000000a7c0000)]
  0x0000000008db1000 JavaThread "C2 CompilerThread1" daemon [_thread_in_native, id=4372, stack(0x0000000005d10000,0x0000000005e10000)]
=>0x0000000008da7000 JavaThread "C2 CompilerThread0" daemon [_thread_in_native, id=3792, stack(0x000000000a4c0000,0x000000000a5c0000)]
  0x0000000008da6000 JavaThread "Attach Listener" daemon [_thread_blocked, id=4228, stack(0x000000000a350000,0x000000000a450000)]
  0x0000000008d9e800 JavaThread "Signal Dispatcher" daemon [_thread_blocked, id=5920, stack(0x000000000a210000,0x000000000a310000)]
  0x00000000020b0800 JavaThread "Finalizer" daemon [_thread_blocked, id=4112, stack(0x000000000a050000,0x000000000a150000)]
  0x00000000020af000 JavaThread "Reference Handler" daemon [_thread_blocked, id=3592, stack(0x0000000009e70000,0x0000000009f70000)]
  0x000000000212c800 JavaThread "main" [_thread_blocked, id=5088, stack(0x00000000023e0000,0x00000000024e0000)]

Other Threads:
  0x0000000008d23800 VMThread [stack: 0x0000000009c30000,0x0000000009d30000] [id=5808]
  0x0000000008dd3000 WatcherThread [stack: 0x000000000a8d0000,0x000000000a9d0000] [id=5356]

VM state:not at safepoint (normal execution)

VM Mutex/Monitor currently owned by a thread:  ([mutex/lock_event])
[0x000000000212b830] MethodData_lock - owner thread: 0x000000000ac0b000

Heap
 PSYoungGen      total 33792K, used 4818K [0x00000000eaab0000, 0x00000000eecb0000, 0x0000000000000000)
  eden space 31232K, 7% used [0x00000000eaab0000,0x00000000eace64d0,0x00000000ec930000)
  from space 2560K, 99% used [0x00000000ec930000,0x00000000ecbae430,0x00000000ecbb0000)
  to   space 2560K, 0% used [0x00000000eea30000,0x00000000eea30000,0x00000000eecb0000)
 ParOldGen       total 41600K, used 8109K [0x00000000c0000000, 0x00000000c28a0000, 0x00000000eaab0000)
  object space 41600K, 19% used [0x00000000c0000000,0x00000000c07eb7e0,0x00000000c28a0000)
 PSPermGen       total 21248K, used 5977K [0x00000000bae00000, 0x00000000bc2c0000, 0x00000000c0000000)
  object space 21248K, 28% used [0x00000000bae00000,0x00000000bb3d6520,0x00000000bc2c0000)

Code Cache  [0x00000000024e0000, 0x0000000002750000, 0x00000000054e0000)
 total_blobs=630 nmethods=395 adapters=185 free_code_cache=47594Kb largest_free_block=48708352

Compilation events (10 events):
Event: 6.089 Thread 0x0000000008da7000 nmethod 392 0x0000000002660250 code [0x0000000002660380, 0x0000000002660438]
Event: 6.089 Thread 0x0000000008da7000  393             com.android.dx.ssa.SsaBasicBlock::exitBlockFixup (58 bytes)
Event: 6.093 Thread 0x0000000008db1000 nmethod 390 0x000000000266aa50 code [0x000000000266ac60, 0x000000000266b800]
Event: 6.093 Thread 0x0000000008db1000  394             com.android.dx.ssa.SsaBasicBlock::getPhiInsns (13 bytes)
Event: 6.099 Thread 0x0000000008db1000 nmethod 394 0x0000000002652890 code [0x0000000002652a00, 0x0000000002652cd8]
Event: 6.099 Thread 0x0000000008db1000  395   !         com.android.dx.cf.code.RopperMachine::run (1550 bytes)
Event: 6.102 Thread 0x0000000008da7000 nmethod 393 0x0000000002660ed0 code [0x0000000002661040, 0x0000000002661738]
Event: 6.102 Thread 0x0000000008da7000  396             com.android.dx.cf.code.BaseMachine::getLocalTarget (151 bytes)
Event: 6.137 Thread 0x0000000008da7000 nmethod 396 0x0000000002654ed0 code [0x0000000002655060, 0x00000000026552b0]
Event: 6.137 Thread 0x0000000008da7000  397             com.android.dx.cf.code.ValueAwareMachine::run (1142 bytes)

GC Heap History (6 events):
Event: 2.233 GC heap before
{Heap before GC invocations=1 (full 0):
 PSYoungGen      total 18176K, used 15616K [0x00000000eaab0000, 0x00000000ebef0000, 0x0000000000000000)
  eden space 15616K, 100% used [0x00000000eaab0000,0x00000000eb9f0000,0x00000000eb9f0000)
  from space 2560K, 0% used [0x00000000ebc70000,0x00000000ebc70000,0x00000000ebef0000)
  to   space 2560K, 0% used [0x00000000eb9f0000,0x00000000eb9f0000,0x00000000ebc70000)
 ParOldGen       total 41600K, used 0K [0x00000000c0000000, 0x00000000c28a0000, 0x00000000eaab0000)
  object space 41600K, 0% used [0x00000000c0000000,0x00000000c0000000,0x00000000c28a0000)
 PSPermGen       total 21248K, used 5652K [0x00000000bae00000, 0x00000000bc2c0000, 0x00000000c0000000)
  object space 21248K, 26% used [0x00000000bae00000,0x00000000bb3850f8,0x00000000bc2c0000)
Event: 2.416 GC heap after
Heap after GC invocations=1 (full 0):
 PSYoungGen      total 18176K, used 2533K [0x00000000eaab0000, 0x00000000ece30000, 0x0000000000000000)
  eden space 15616K, 0% used [0x00000000eaab0000,0x00000000eaab0000,0x00000000eb9f0000)
  from space 2560K, 98% used [0x00000000eb9f0000,0x00000000ebc69608,0x00000000ebc70000)
  to   space 2560K, 0% used [0x00000000ecbb0000,0x00000000ecbb0000,0x00000000ece30000)
 ParOldGen       total 41600K, used 1318K [0x00000000c0000000, 0x00000000c28a0000, 0x00000000eaab0000)
  object space 41600K, 3% used [0x00000000c0000000,0x00000000c0149908,0x00000000c28a0000)
 PSPermGen       total 21248K, used 5652K [0x00000000bae00000, 0x00000000bc2c0000, 0x00000000c0000000)
  object space 21248K, 26% used [0x00000000bae00000,0x00000000bb3850f8,0x00000000bc2c0000)
}
Event: 2.883 GC heap before
{Heap before GC invocations=2 (full 0):
 PSYoungGen      total 18176K, used 18149K [0x00000000eaab0000, 0x00000000ece30000, 0x0000000000000000)
  eden space 15616K, 100% used [0x00000000eaab0000,0x00000000eb9f0000,0x00000000eb9f0000)
  from space 2560K, 98% used [0x00000000eb9f0000,0x00000000ebc69608,0x00000000ebc70000)
  to   space 2560K, 0% used [0x00000000ecbb0000,0x00000000ecbb0000,0x00000000ece30000)
 ParOldGen       total 41600K, used 1318K [0x00000000c0000000, 0x00000000c28a0000, 0x00000000eaab0000)
  object space 41600K, 3% used [0x00000000c0000000,0x00000000c0149908,0x00000000c28a0000)
 PSPermGen       total 21248K, used 5895K [0x00000000bae00000, 0x00000000bc2c0000, 0x00000000c0000000)
  object space 21248K, 27% used [0x00000000bae00000,0x00000000bb3c1c70,0x00000000bc2c0000)
Event: 3.270 GC heap after
Heap after GC invocations=2 (full 0):
 PSYoungGen      total 33792K, used 2551K [0x00000000eaab0000, 0x00000000ece30000, 0x0000000000000000)
  eden space 31232K, 0% used [0x00000000eaab0000,0x00000000eaab0000,0x00000000ec930000)
  from space 2560K, 99% used [0x00000000ecbb0000,0x00000000ece2dc88,0x00000000ece30000)
  to   space 2560K, 0% used [0x00000000ec930000,0x00000000ec930000,0x00000000ecbb0000)
 ParOldGen       total 41600K, used 3214K [0x00000000c0000000, 0x00000000c28a0000, 0x00000000eaab0000)
  object space 41600K, 7% used [0x00000000c0000000,0x00000000c0323b48,0x00000000c28a0000)
 PSPermGen       total 21248K, used 5895K [0x00000000bae00000, 0x00000000bc2c0000, 0x00000000c0000000)
  object space 21248K, 27% used [0x00000000bae00000,0x00000000bb3c1c70,0x00000000bc2c0000)
}
Event: 5.066 GC heap before
{Heap before GC invocations=3 (full 0):
 PSYoungGen      total 33792K, used 33783K [0x00000000eaab0000, 0x00000000ece30000, 0x0000000000000000)
  eden space 31232K, 100% used [0x00000000eaab0000,0x00000000ec930000,0x00000000ec930000)
  from space 2560K, 99% used [0x00000000ecbb0000,0x00000000ece2dc88,0x00000000ece30000)
  to   space 2560K, 0% used [0x00000000ec930000,0x00000000ec930000,0x00000000ecbb0000)
 ParOldGen       total 41600K, used 3214K [0x00000000c0000000, 0x00000000c28a0000, 0x00000000eaab0000)
  object space 41600K, 7% used [0x00000000c0000000,0x00000000c0323b48,0x00000000c28a0000)
 PSPermGen       total 21248K, used 5976K [0x00000000bae00000, 0x00000000bc2c0000, 0x00000000c0000000)
  object space 21248K, 28% used [0x00000000bae00000,0x00000000bb3d6360,0x00000000bc2c0000)
Event: 5.388 GC heap after
Heap after GC invocations=3 (full 0):
 PSYoungGen      total 33792K, used 2553K [0x00000000eaab0000, 0x00000000eecb0000, 0x0000000000000000)
  eden space 31232K, 0% used [0x00000000eaab0000,0x00000000eaab0000,0x00000000ec930000)
  from space 2560K, 99% used [0x00000000ec930000,0x00000000ecbae430,0x00000000ecbb0000)
  to   space 2560K, 0% used [0x00000000eea30000,0x00000000eea30000,0x00000000eecb0000)
 ParOldGen       total 41600K, used 8109K [0x00000000c0000000, 0x00000000c28a0000, 0x00000000eaab0000)
  object space 41600K, 19% used [0x00000000c0000000,0x00000000c07eb7e0,0x00000000c28a0000)
 PSPermGen       total 21248K, used 5976K [0x00000000bae00000, 0x00000000bc2c0000, 0x00000000c0000000)
  object space 21248K, 28% used [0x00000000bae00000,0x00000000bb3d6360,0x00000000bc2c0000)
}

Deoptimization events (10 events):
Event: 4.321 Thread 0x000000000212c800 Uncommon trap -58 fr.pc 0x0000000002594d80
Event: 4.321 Thread 0x000000000212c800 Uncommon trap -58 fr.pc 0x0000000002594d80
Event: 4.321 Thread 0x000000000212c800 Uncommon trap -58 fr.pc 0x0000000002594d80
Event: 4.399 Thread 0x000000000212c800 Uncommon trap -58 fr.pc 0x0000000002594d80
Event: 4.433 Thread 0x000000000212c800 Uncommon trap -12 fr.pc 0x00000000025c2acc
Event: 4.457 Thread 0x0000000008e0f800 Uncommon trap -12 fr.pc 0x00000000025729d8
Event: 5.044 Thread 0x0000000008e0f800 Uncommon trap -58 fr.pc 0x0000000002610818
Event: 5.044 Thread 0x0000000008e0f800 Uncommon trap -58 fr.pc 0x0000000002610818
Event: 5.047 Thread 0x0000000008e0f800 Uncommon trap -58 fr.pc 0x0000000002610818
Event: 5.048 Thread 0x0000000008e0f800 Uncommon trap -58 fr.pc 0x0000000002610818

Internal exceptions (10 events):
Event: 2.422 Thread 0x000000000ab2e000 Implicit null exception at 0x0000000002563b24 to 0x0000000002563eb1
Event: 2.474 Thread 0x000000000ac3b800 Threw 0x00000000eac60308 at C:\jdk7u2_64p\jdk7u4\hotspot\src\share\vm\prims\jvm.cpp:1166
Event: 2.475 Thread 0x000000000ac3b800 Threw 0x00000000eac65a08 at C:\jdk7u2_64p\jdk7u4\hotspot\src\share\vm\prims\jvm.cpp:1166
Event: 2.476 Thread 0x000000000ac3b800 Threw 0x00000000eac69a20 at C:\jdk7u2_64p\jdk7u4\hotspot\src\share\vm\prims\jvm.cpp:1166
Event: 2.506 Thread 0x000000000ac3b800 Threw 0x00000000ead0f6d0 at C:\jdk7u2_64p\jdk7u4\hotspot\src\share\vm\prims\jvm.cpp:1166
Event: 2.604 Thread 0x000000000212c800 Threw 0x00000000eaf2b800 at C:\jdk7u2_64p\jdk7u4\hotspot\src\share\vm\prims\jvm.cpp:1166
Event: 2.690 Thread 0x000000000212c800 Threw 0x00000000eb1261c0 at C:\jdk7u2_64p\jdk7u4\hotspot\src\share\vm\prims\jvm.cpp:1166
Event: 3.790 Thread 0x000000000212c800 Threw 0x00000000eab82908 at C:\jdk7u2_64p\jdk7u4\hotspot\src\share\vm\prims\jvm.cpp:1166
Event: 4.433 Thread 0x000000000212c800 Implicit null exception at 0x00000000025c23fb to 0x00000000025c2abd
Event: 4.457 Thread 0x0000000008e0f800 Implicit null exception at 0x00000000025728d2 to 0x00000000025729ca

Events (10 events):
Event: 5.044 Thread 0x0000000008e0f800 DEOPT PACKING pc=0x0000000002610818 sp=0x000000000b40ea70
Event: 5.044 Thread 0x0000000008e0f800 DEOPT UNPACKING pc=0x0000000002519164 sp=0x000000000b40ea00 mode 2
Event: 5.044 Thread 0x0000000008e0f800 DEOPT PACKING pc=0x0000000002610818 sp=0x000000000b40eb10
Event: 5.044 Thread 0x0000000008e0f800 DEOPT UNPACKING pc=0x0000000002519164 sp=0x000000000b40eaa0 mode 2
Event: 5.047 Thread 0x0000000008e0f800 DEOPT PACKING pc=0x0000000002610818 sp=0x000000000b40ea70
Event: 5.047 Thread 0x0000000008e0f800 DEOPT UNPACKING pc=0x0000000002519164 sp=0x000000000b40ea00 mode 2
Event: 5.048 Thread 0x0000000008e0f800 DEOPT PACKING pc=0x0000000002610818 sp=0x000000000b40eb10
Event: 5.048 Thread 0x0000000008e0f800 DEOPT UNPACKING pc=0x0000000002519164 sp=0x000000000b40eaa0 mode 2
Event: 5.066 Executing VM operation: ParallelGCFailedAllocation
Event: 5.388 Executing VM operation: ParallelGCFailedAllocation done


Dynamic libraries:
0x000000003f0a0000 - 0x000000003f0d3000 	C:\Program Files\Java\jdk1.7.0_04\bin\java.exe
0x00000000774e0000 - 0x0000000077689000 	C:\Windows\SYSTEM32\ntdll.dll
0x00000000772c0000 - 0x00000000773df000 	C:\Windows\system32\kernel32.dll
0x00000000fd660000 - 0x00000000fd6cb000 	C:\Windows\system32\KERNELBASE.dll
0x00000000fe820000 - 0x00000000fe8fb000 	C:\Windows\system32\ADVAPI32.dll
0x00000000ff1b0000 - 0x00000000ff24f000 	C:\Windows\system32\msvcrt.dll
0x00000000fe800000 - 0x00000000fe81f000 	C:\Windows\SYSTEM32\sechost.dll
0x00000000fe5c0000 - 0x00000000fe6ed000 	C:\Windows\system32\RPCRT4.dll
0x00000000773e0000 - 0x00000000774da000 	C:\Windows\system32\USER32.dll
0x00000000ff6b0000 - 0x00000000ff717000 	C:\Windows\system32\GDI32.dll
0x00000000fe4b0000 - 0x00000000fe4be000 	C:\Windows\system32\LPK.dll
0x00000000ff720000 - 0x00000000ff7e9000 	C:\Windows\system32\USP10.dll
0x00000000fbbe0000 - 0x00000000fbdd4000 	C:\Windows\WinSxS\amd64_microsoft.windows.common-controls_6595b64144ccf1df_6.0.7601.17514_none_fa396087175ac9ac\COMCTL32.dll
0x00000000fe900000 - 0x00000000fe971000 	C:\Windows\system32\SHLWAPI.dll
0x00000000fd6f0000 - 0x00000000fd71e000 	C:\Windows\system32\IMM32.DLL
0x00000000fe6f0000 - 0x00000000fe7f9000 	C:\Windows\system32\MSCTF.dll
0x000000005e920000 - 0x000000005e9f1000 	C:\Program Files\Java\jdk1.7.0_04\jre\bin\msvcr100.dll
0x000000005a450000 - 0x000000005ab6a000 	C:\Program Files\Java\jdk1.7.0_04\jre\bin\server\jvm.dll
0x00000000fa200000 - 0x00000000fa209000 	C:\Windows\system32\WSOCK32.dll
0x00000000fe570000 - 0x00000000fe5bd000 	C:\Windows\system32\WS2_32.dll
0x00000000fe560000 - 0x00000000fe568000 	C:\Windows\system32\NSI.dll
0x00000000fafe0000 - 0x00000000fb01b000 	C:\Windows\system32\WINMM.dll
0x00000000776a0000 - 0x00000000776a7000 	C:\Windows\system32\PSAPI.DLL
0x000000005bc30000 - 0x000000005bc3f000 	C:\Program Files\Java\jdk1.7.0_04\jre\bin\verify.dll
0x000000005bc00000 - 0x000000005bc28000 	C:\Program Files\Java\jdk1.7.0_04\jre\bin\java.dll
0x000000005bbe0000 - 0x000000005bbf5000 	C:\Program Files\Java\jdk1.7.0_04\jre\bin\zip.dll
0x000000005bbc0000 - 0x000000005bbd9000 	C:\Program Files\Java\jdk1.7.0_04\jre\bin\net.dll
0x00000000fcaf0000 - 0x00000000fcb45000 	C:\Windows\system32\mswsock.dll
0x00000000fcae0000 - 0x00000000fcae7000 	C:\Windows\System32\wship6.dll
0x000000005bba0000 - 0x000000005bbb1000 	C:\Program Files\Java\jdk1.7.0_04\jre\bin\nio.dll

VM Arguments:
jvm_args: -Djava.awt.headless=true -Xmx1024M -Dfile.encoding=windows-1252 -Duser.country=US -Duser.language=en -Duser.variant 
java_command: com.android.dx.command.Main --dex --num-threads=4 --output C:\Users\hp\Documents\GitHub\ASE-Spring2016-FindYourTechnician\source\FindYourTechnician\app\build\intermediates\pre-dexed\debug\com.android.support-design-23.1.1_225680c3dbd3e94914f39c815bfca20a1b71ad7a.jar C:\Users\hp\Documents\GitHub\ASE-Spring2016-FindYourTechnician\source\FindYourTechnician\app\build\intermediates\exploded-aar\com.android.support\design\23.1.1\jars\classes.jar
Launcher Type: SUN_STANDARD

Environment Variables:
CLASSPATH=C:\Program Files\Java\jdk1.7.0_04
PATH=C:\ProgramData\Oracle\Java\javapath;C:\Program Files\Java\jdk1.7.0_04\bin;C:\Program Files\Microsoft\Web Platform Installer\;C:\Program Files\Microsoft SQL Server\110\Tools\Binn\;C:\Program Files (x86)\Common Files\lenovo\easyplussdk\bin;C:\Program Files (x86)\Skype\Phone\;C:\WINDOWS\system32;C:\Program Files (x86)\Brackets\command
USERNAME=hp
OS=Windows_NT
PROCESSOR_IDENTIFIER=Intel64 Family 6 Model 37 Stepping 5, GenuineIntel



---------------  S Y S T E M  ---------------

OS: Windows 7 , 64 bit Build 7601 Service Pack 1

CPU:total 4 (2 cores per cpu, 2 threads per core) family 6 model 37 stepping 5, cmov, cx8, fxsr, mmx, sse, sse2, sse3, ssse3, sse4.1, sse4.2, popcnt, ht, tsc, tscinvbit

Memory: 4k page, physical 3987312k(669784k free), swap 7972764k(1957352k free)

vm_info: Java HotSpot(TM) 64-Bit Server VM (23.0-b21) for windows-amd64 JRE (1.7.0_04-b22), built on May  2 2012 23:28:26 by "java_re" with unknown MS VC++:1600

time: Fri Mar 11 22:39:14 2016
elapsed time: 6 seconds

